2025-11-28 11:00:23::error::undefined::undefined::uncaughtException: Missing parameter name at index 1: *; visit https://git.new/pathToRegexpError for info
TypeError: Missing parameter name at index 1: *; visit https://git.new/pathToRegexpError for info
    at name (C:\Users\Admin\OneDrive\Máy tính\SEPM Project\server\node_modules\path-to-regexp\dist\index.js:96:19)
    at parse (C:\Users\Admin\OneDrive\Máy tính\SEPM Project\server\node_modules\path-to-regexp\dist\index.js:113:68)
    at pathToRegexp (C:\Users\Admin\OneDrive\Máy tính\SEPM Project\server\node_modules\path-to-regexp\dist\index.js:267:58)
    at Object.match (C:\Users\Admin\OneDrive\Máy tính\SEPM Project\server\node_modules\path-to-regexp\dist\index.js:237:30)
    at matcher (C:\Users\Admin\OneDrive\Máy tính\SEPM Project\server\node_modules\router\lib\layer.js:86:23)
    at new Layer (C:\Users\Admin\OneDrive\Máy tính\SEPM Project\server\node_modules\router\lib\layer.js:93:62)
    at Function.route (C:\Users\Admin\OneDrive\Máy tính\SEPM Project\server\node_modules\router\index.js:428:17)
    at Function.route (C:\Users\Admin\OneDrive\Máy tính\SEPM Project\server\node_modules\express\lib\application.js:257:22)
    at app.<computed> [as options] (C:\Users\Admin\OneDrive\Máy tính\SEPM Project\server\node_modules\express\lib\application.js:478:22)
    at file:///C:/Users/Admin/OneDrive/M%C3%A1y%20t%C3%ADnh/SEPM%20Project/server/src/app.js:53:5::undefined
2025-11-28 12:05:02::error::undefined::undefined::uncaughtException: Missing parameter name at index 1: *; visit https://git.new/pathToRegexpError for info
TypeError: Missing parameter name at index 1: *; visit https://git.new/pathToRegexpError for info
    at name (C:\Users\Admin\OneDrive\Máy tính\SEPM Project\server\node_modules\path-to-regexp\dist\index.js:96:19)
    at parse (C:\Users\Admin\OneDrive\Máy tính\SEPM Project\server\node_modules\path-to-regexp\dist\index.js:113:68)
    at pathToRegexp (C:\Users\Admin\OneDrive\Máy tính\SEPM Project\server\node_modules\path-to-regexp\dist\index.js:267:58)
    at Object.match (C:\Users\Admin\OneDrive\Máy tính\SEPM Project\server\node_modules\path-to-regexp\dist\index.js:237:30)
    at matcher (C:\Users\Admin\OneDrive\Máy tính\SEPM Project\server\node_modules\router\lib\layer.js:86:23)
    at new Layer (C:\Users\Admin\OneDrive\Máy tính\SEPM Project\server\node_modules\router\lib\layer.js:93:62)
    at Function.route (C:\Users\Admin\OneDrive\Máy tính\SEPM Project\server\node_modules\router\index.js:428:17)
    at Function.route (C:\Users\Admin\OneDrive\Máy tính\SEPM Project\server\node_modules\express\lib\application.js:257:22)
    at app.<computed> [as options] (C:\Users\Admin\OneDrive\Máy tính\SEPM Project\server\node_modules\express\lib\application.js:478:22)
    at file:///C:/Users/Admin/OneDrive/M%C3%A1y%20t%C3%ADnh/SEPM%20Project/server/src/app.js:53:5::undefined
2025-11-28 12:07:19::error::undefined::undefined::uncaughtException: Missing parameter name at index 1: *; visit https://git.new/pathToRegexpError for info
TypeError: Missing parameter name at index 1: *; visit https://git.new/pathToRegexpError for info
    at name (C:\Users\Admin\OneDrive\Máy tính\SEPM Project\server\node_modules\path-to-regexp\dist\index.js:96:19)
    at parse (C:\Users\Admin\OneDrive\Máy tính\SEPM Project\server\node_modules\path-to-regexp\dist\index.js:113:68)
    at pathToRegexp (C:\Users\Admin\OneDrive\Máy tính\SEPM Project\server\node_modules\path-to-regexp\dist\index.js:267:58)
    at Object.match (C:\Users\Admin\OneDrive\Máy tính\SEPM Project\server\node_modules\path-to-regexp\dist\index.js:237:30)
    at matcher (C:\Users\Admin\OneDrive\Máy tính\SEPM Project\server\node_modules\router\lib\layer.js:86:23)
    at new Layer (C:\Users\Admin\OneDrive\Máy tính\SEPM Project\server\node_modules\router\lib\layer.js:93:62)
    at Function.route (C:\Users\Admin\OneDrive\Máy tính\SEPM Project\server\node_modules\router\index.js:428:17)
    at Function.route (C:\Users\Admin\OneDrive\Máy tính\SEPM Project\server\node_modules\express\lib\application.js:257:22)
    at app.<computed> [as options] (C:\Users\Admin\OneDrive\Máy tính\SEPM Project\server\node_modules\express\lib\application.js:478:22)
    at file:///C:/Users/Admin/OneDrive/M%C3%A1y%20t%C3%ADnh/SEPM%20Project/server/src/app.js:58:5::undefined
2025-11-28 12:07:25::error::undefined::undefined::uncaughtException: Missing parameter name at index 1: *; visit https://git.new/pathToRegexpError for info
TypeError: Missing parameter name at index 1: *; visit https://git.new/pathToRegexpError for info
    at name (C:\Users\Admin\OneDrive\Máy tính\SEPM Project\server\node_modules\path-to-regexp\dist\index.js:96:19)
    at parse (C:\Users\Admin\OneDrive\Máy tính\SEPM Project\server\node_modules\path-to-regexp\dist\index.js:113:68)
    at pathToRegexp (C:\Users\Admin\OneDrive\Máy tính\SEPM Project\server\node_modules\path-to-regexp\dist\index.js:267:58)
    at Object.match (C:\Users\Admin\OneDrive\Máy tính\SEPM Project\server\node_modules\path-to-regexp\dist\index.js:237:30)
    at matcher (C:\Users\Admin\OneDrive\Máy tính\SEPM Project\server\node_modules\router\lib\layer.js:86:23)
    at new Layer (C:\Users\Admin\OneDrive\Máy tính\SEPM Project\server\node_modules\router\lib\layer.js:93:62)
    at Function.route (C:\Users\Admin\OneDrive\Máy tính\SEPM Project\server\node_modules\router\index.js:428:17)
    at Function.route (C:\Users\Admin\OneDrive\Máy tính\SEPM Project\server\node_modules\express\lib\application.js:257:22)
    at app.<computed> [as options] (C:\Users\Admin\OneDrive\Máy tính\SEPM Project\server\node_modules\express\lib\application.js:478:22)
    at file:///C:/Users/Admin/OneDrive/M%C3%A1y%20t%C3%ADnh/SEPM%20Project/server/src/app.js:58:5::undefined
2025-11-28 12:09:02::error::undefined::undefined::uncaughtException: Missing parameter name at index 2: /*; visit https://git.new/pathToRegexpError for info
TypeError: Missing parameter name at index 2: /*; visit https://git.new/pathToRegexpError for info
    at name (C:\Users\Admin\OneDrive\Máy tính\SEPM Project\server\node_modules\path-to-regexp\dist\index.js:96:19)
    at parse (C:\Users\Admin\OneDrive\Máy tính\SEPM Project\server\node_modules\path-to-regexp\dist\index.js:113:68)
    at pathToRegexp (C:\Users\Admin\OneDrive\Máy tính\SEPM Project\server\node_modules\path-to-regexp\dist\index.js:267:58)
    at Object.match (C:\Users\Admin\OneDrive\Máy tính\SEPM Project\server\node_modules\path-to-regexp\dist\index.js:237:30)
    at matcher (C:\Users\Admin\OneDrive\Máy tính\SEPM Project\server\node_modules\router\lib\layer.js:86:23)
    at new Layer (C:\Users\Admin\OneDrive\Máy tính\SEPM Project\server\node_modules\router\lib\layer.js:93:62)
    at Function.route (C:\Users\Admin\OneDrive\Máy tính\SEPM Project\server\node_modules\router\index.js:428:17)
    at Function.route (C:\Users\Admin\OneDrive\Máy tính\SEPM Project\server\node_modules\express\lib\application.js:257:22)
    at app.<computed> [as options] (C:\Users\Admin\OneDrive\Máy tính\SEPM Project\server\node_modules\express\lib\application.js:478:22)
    at file:///C:/Users/Admin/OneDrive/M%C3%A1y%20t%C3%ADnh/SEPM%20Project/server/src/app.js:59:5::undefined
2025-11-28 12:09:09::error::undefined::undefined::uncaughtException: Missing parameter name at index 2: /*; visit https://git.new/pathToRegexpError for info
TypeError: Missing parameter name at index 2: /*; visit https://git.new/pathToRegexpError for info
    at name (C:\Users\Admin\OneDrive\Máy tính\SEPM Project\server\node_modules\path-to-regexp\dist\index.js:96:19)
    at parse (C:\Users\Admin\OneDrive\Máy tính\SEPM Project\server\node_modules\path-to-regexp\dist\index.js:113:68)
    at pathToRegexp (C:\Users\Admin\OneDrive\Máy tính\SEPM Project\server\node_modules\path-to-regexp\dist\index.js:267:58)
    at Object.match (C:\Users\Admin\OneDrive\Máy tính\SEPM Project\server\node_modules\path-to-regexp\dist\index.js:237:30)
    at matcher (C:\Users\Admin\OneDrive\Máy tính\SEPM Project\server\node_modules\router\lib\layer.js:86:23)
    at new Layer (C:\Users\Admin\OneDrive\Máy tính\SEPM Project\server\node_modules\router\lib\layer.js:93:62)
    at Function.route (C:\Users\Admin\OneDrive\Máy tính\SEPM Project\server\node_modules\router\index.js:428:17)
    at Function.route (C:\Users\Admin\OneDrive\Máy tính\SEPM Project\server\node_modules\express\lib\application.js:257:22)
    at app.<computed> [as options] (C:\Users\Admin\OneDrive\Máy tính\SEPM Project\server\node_modules\express\lib\application.js:478:22)
    at file:///C:/Users/Admin/OneDrive/M%C3%A1y%20t%C3%ADnh/SEPM%20Project/server/src/app.js:59:5::undefined
2025-12-01 22:17:03::error::undefined::undefined::uncaughtException: Missing parameter name at index 1: *; visit https://git.new/pathToRegexpError for info
TypeError: Missing parameter name at index 1: *; visit https://git.new/pathToRegexpError for info
    at name (C:\Users\Admin\OneDrive\Máy tính\SEPM Project\server\node_modules\path-to-regexp\dist\index.js:96:19)
    at parse (C:\Users\Admin\OneDrive\Máy tính\SEPM Project\server\node_modules\path-to-regexp\dist\index.js:113:68)
    at pathToRegexp (C:\Users\Admin\OneDrive\Máy tính\SEPM Project\server\node_modules\path-to-regexp\dist\index.js:267:58)
    at Object.match (C:\Users\Admin\OneDrive\Máy tính\SEPM Project\server\node_modules\path-to-regexp\dist\index.js:237:30)
    at matcher (C:\Users\Admin\OneDrive\Máy tính\SEPM Project\server\node_modules\router\lib\layer.js:86:23)
    at new Layer (C:\Users\Admin\OneDrive\Máy tính\SEPM Project\server\node_modules\router\lib\layer.js:93:62)
    at Function.route (C:\Users\Admin\OneDrive\Máy tính\SEPM Project\server\node_modules\router\index.js:428:17)
    at Function.route (C:\Users\Admin\OneDrive\Máy tính\SEPM Project\server\node_modules\express\lib\application.js:257:22)
    at app.<computed> [as options] (C:\Users\Admin\OneDrive\Máy tính\SEPM Project\server\node_modules\express\lib\application.js:478:22)
    at file:///C:/Users/Admin/OneDrive/M%C3%A1y%20t%C3%ADnh/SEPM%20Project/server/src/app.js:57:5::undefined
2025-12-01 22:17:09::error::undefined::undefined::uncaughtException: Missing parameter name at index 1: *; visit https://git.new/pathToRegexpError for info
TypeError: Missing parameter name at index 1: *; visit https://git.new/pathToRegexpError for info
    at name (C:\Users\Admin\OneDrive\Máy tính\SEPM Project\server\node_modules\path-to-regexp\dist\index.js:96:19)
    at parse (C:\Users\Admin\OneDrive\Máy tính\SEPM Project\server\node_modules\path-to-regexp\dist\index.js:113:68)
    at pathToRegexp (C:\Users\Admin\OneDrive\Máy tính\SEPM Project\server\node_modules\path-to-regexp\dist\index.js:267:58)
    at Object.match (C:\Users\Admin\OneDrive\Máy tính\SEPM Project\server\node_modules\path-to-regexp\dist\index.js:237:30)
    at matcher (C:\Users\Admin\OneDrive\Máy tính\SEPM Project\server\node_modules\router\lib\layer.js:86:23)
    at new Layer (C:\Users\Admin\OneDrive\Máy tính\SEPM Project\server\node_modules\router\lib\layer.js:93:62)
    at Function.route (C:\Users\Admin\OneDrive\Máy tính\SEPM Project\server\node_modules\router\index.js:428:17)
    at Function.route (C:\Users\Admin\OneDrive\Máy tính\SEPM Project\server\node_modules\express\lib\application.js:257:22)
    at app.<computed> [as options] (C:\Users\Admin\OneDrive\Máy tính\SEPM Project\server\node_modules\express\lib\application.js:478:22)
    at file:///C:/Users/Admin/OneDrive/M%C3%A1y%20t%C3%ADnh/SEPM%20Project/server/src/app.js:57:5::undefined
2025-12-01 22:17:30::error::undefined::undefined::uncaughtException: Missing parameter name at index 1: *; visit https://git.new/pathToRegexpError for info
TypeError: Missing parameter name at index 1: *; visit https://git.new/pathToRegexpError for info
    at name (C:\Users\Admin\OneDrive\Máy tính\SEPM Project\server\node_modules\path-to-regexp\dist\index.js:96:19)
    at parse (C:\Users\Admin\OneDrive\Máy tính\SEPM Project\server\node_modules\path-to-regexp\dist\index.js:113:68)
    at pathToRegexp (C:\Users\Admin\OneDrive\Máy tính\SEPM Project\server\node_modules\path-to-regexp\dist\index.js:267:58)
    at Object.match (C:\Users\Admin\OneDrive\Máy tính\SEPM Project\server\node_modules\path-to-regexp\dist\index.js:237:30)
    at matcher (C:\Users\Admin\OneDrive\Máy tính\SEPM Project\server\node_modules\router\lib\layer.js:86:23)
    at new Layer (C:\Users\Admin\OneDrive\Máy tính\SEPM Project\server\node_modules\router\lib\layer.js:93:62)
    at Function.route (C:\Users\Admin\OneDrive\Máy tính\SEPM Project\server\node_modules\router\index.js:428:17)
    at Function.route (C:\Users\Admin\OneDrive\Máy tính\SEPM Project\server\node_modules\express\lib\application.js:257:22)
    at app.<computed> [as options] (C:\Users\Admin\OneDrive\Máy tính\SEPM Project\server\node_modules\express\lib\application.js:478:22)
    at file:///C:/Users/Admin/OneDrive/M%C3%A1y%20t%C3%ADnh/SEPM%20Project/server/src/app.js:57:5::undefined
2025-12-01 22:28:19::error::undefined::undefined::uncaughtException: userRoute is not defined
ReferenceError: userRoute is not defined
    at file:///C:/Users/Admin/OneDrive/M%C3%A1y%20t%C3%ADnh/SEPM%20Project/server/src/routes/index.js:8:28
    at ModuleJob.run (node:internal/modules/esm/module_job:234:25)
    at async ModuleLoader.import (node:internal/modules/esm/loader:473:24)
    at async asyncRunEntryPointWithESMLoader (node:internal/modules/run_main:123:5)::undefined
2025-12-01 22:28:21::error::undefined::undefined::uncaughtException: userRoute is not defined
ReferenceError: userRoute is not defined
    at file:///C:/Users/Admin/OneDrive/M%C3%A1y%20t%C3%ADnh/SEPM%20Project/server/src/routes/index.js:8:28
    at ModuleJob.run (node:internal/modules/esm/module_job:234:25)
    at async ModuleLoader.import (node:internal/modules/esm/loader:473:24)
    at async asyncRunEntryPointWithESMLoader (node:internal/modules/run_main:123:5)::undefined
2025-12-01 22:29:53::error::undefined::undefined::uncaughtException: Proposal is not defined
ReferenceError: Proposal is not defined
    at file:///C:/Users/Admin/OneDrive/M%C3%A1y%20t%C3%ADnh/SEPM%20Project/server/src/services/user.service.js:14:16
    at ModuleJob.run (node:internal/modules/esm/module_job:234:25)
    at async ModuleLoader.import (node:internal/modules/esm/loader:473:24)
    at async asyncRunEntryPointWithESMLoader (node:internal/modules/run_main:123:5)::undefined
2025-12-01 22:29:59::error::undefined::undefined::uncaughtException: Proposal is not defined
ReferenceError: Proposal is not defined
    at file:///C:/Users/Admin/OneDrive/M%C3%A1y%20t%C3%ADnh/SEPM%20Project/server/src/services/user.service.js:14:16
    at ModuleJob.run (node:internal/modules/esm/module_job:234:25)
    at async ModuleLoader.import (node:internal/modules/esm/loader:473:24)
    at async asyncRunEntryPointWithESMLoader (node:internal/modules/run_main:123:5)::undefined
2025-12-01 22:30:01::error::undefined::undefined::uncaughtException: Proposal is not defined
ReferenceError: Proposal is not defined
    at file:///C:/Users/Admin/OneDrive/M%C3%A1y%20t%C3%ADnh/SEPM%20Project/server/src/services/user.service.js:14:16
    at ModuleJob.run (node:internal/modules/esm/module_job:234:25)
    at async ModuleLoader.import (node:internal/modules/esm/loader:473:24)
    at async asyncRunEntryPointWithESMLoader (node:internal/modules/run_main:123:5)::undefined
2025-12-01 22:30:20::error::undefined::undefined::uncaughtException: Proposal is not defined
ReferenceError: Proposal is not defined
    at file:///C:/Users/Admin/OneDrive/M%C3%A1y%20t%C3%ADnh/SEPM%20Project/server/src/services/user.service.js:14:16
    at ModuleJob.run (node:internal/modules/esm/module_job:234:25)
    at async ModuleLoader.import (node:internal/modules/esm/loader:473:24)
    at async asyncRunEntryPointWithESMLoader (node:internal/modules/run_main:123:5)::undefined
2025-12-02 09:14:09::error::undefined::undefined::uncaughtException: Brevo SMTP credentials missing. Set BREVO_SMTP_USERNAME/BREVO_SMTP_PASSWORD.
Error: Brevo SMTP credentials missing. Set BREVO_SMTP_USERNAME/BREVO_SMTP_PASSWORD.
    at file:///C:/Users/Windows/SoulEase/server/src/configs/brevo.config.js:10:11
    at ModuleJob.run (node:internal/modules/esm/module_job:222:25)
    at async ModuleLoader.import (node:internal/modules/esm/loader:316:24)
    at async asyncRunEntryPointWithESMLoader (node:internal/modules/run_main:123:5)::undefined
2025-12-02 09:14:39::error::undefined::undefined::uncaughtException: Brevo SMTP credentials missing. Set BREVO_SMTP_USERNAME/BREVO_SMTP_PASSWORD.
Error: Brevo SMTP credentials missing. Set BREVO_SMTP_USERNAME/BREVO_SMTP_PASSWORD.
    at file:///C:/Users/Windows/SoulEase/server/src/configs/brevo.config.js:10:11
    at ModuleJob.run (node:internal/modules/esm/module_job:222:25)
    at async ModuleLoader.import (node:internal/modules/esm/loader:316:24)
    at async asyncRunEntryPointWithESMLoader (node:internal/modules/run_main:123:5)::undefined
2025-12-02 12:38:01::error::undefined::undefined::uncaughtException: Soulra is not defined
ReferenceError: Soulra is not defined
    at file:///D:/RMIT/SEM%20C-2025/SoulEase/server/src/routes/index.js:10:30
    at ModuleJob.run (node:internal/modules/esm/module_job:343:25)
    at process.processTicksAndRejections (node:internal/process/task_queues:105:5)
    at async onImport.tracePromise.__proto__ (node:internal/modules/esm/loader:647:26)
    at async asyncRunEntryPointWithESMLoader (node:internal/modules/run_main:117:5)::undefined
2025-12-02 12:38:06::error::undefined::undefined::uncaughtException: ao is not defined
ReferenceError: ao is not defined
    at file:///D:/RMIT/SEM%20C-2025/SoulEase/server/src/routes/index.js:10:30
    at ModuleJob.run (node:internal/modules/esm/module_job:343:25)
    at process.processTicksAndRejections (node:internal/process/task_queues:105:5)
    at async onImport.tracePromise.__proto__ (node:internal/modules/esm/loader:647:26)
    at async asyncRunEntryPointWithESMLoader (node:internal/modules/run_main:117:5)::undefined
2025-12-02 12:38:10::error::undefined::undefined::uncaughtException: aiRoute is not defined
ReferenceError: aiRoute is not defined
    at file:///D:/RMIT/SEM%20C-2025/SoulEase/server/src/routes/index.js:10:30
    at ModuleJob.run (node:internal/modules/esm/module_job:343:25)
    at process.processTicksAndRejections (node:internal/process/task_queues:105:5)
    at async onImport.tracePromise.__proto__ (node:internal/modules/esm/loader:647:26)
    at async asyncRunEntryPointWithESMLoader (node:internal/modules/run_main:117:5)::undefined
2025-12-02 15:43:48::error::undefined::undefined::uncaughtException: verifyToken is not defined
ReferenceError: verifyToken is not defined
    at file:///C:/Users/Admin/OneDrive/M%C3%A1y%20t%C3%ADnh/SEPM%20Project/server/src/routes/folder/index.js:9:12
    at ModuleJob.run (node:internal/modules/esm/module_job:234:25)
    at async ModuleLoader.import (node:internal/modules/esm/loader:473:24)
    at async asyncRunEntryPointWithESMLoader (node:internal/modules/run_main:123:5)::undefined
